GET /info 200 110 - 8.837 ms
GET /api/persons 200 219 - 5.416 ms
GET /api/persons/1 200 50 - 2.953 ms
POST /api/persons 400 55 - 26.620 ms
POST /api/persons 400 50 - 4.762 ms
POST /api/persons 400 49 - 2.514 ms
POST /api/persons 200 59 - 2.830 ms
POST /api/persons 400 55 - 3.974 ms
GET /api/persons/2966064861 200 59 - 1.281 ms
DELETE /api/persons/1 204 - - 1.462 ms
GET /api/persons 200 228 - 1.429 ms
POST /api/persons 200 59 - 5.695 ms
GET /api/persons 200 288 - 1.438 ms
GET /api/persons 200 219 - 10.854 ms
GET /api/persons 200 219 - 1.212 ms
GET /favicon.ico 404 150 - 3.231 ms
GET /api/persons 200 219 - 0.728 ms
GET /api/persons 200 219 - 0.768 ms
GET /api/persons 200 219 - 1.117 ms
GET /api/persons 200 219 - 0.931 ms
GET /api/persons 200 219 - 0.430 ms
GET /api/persons 200 219 - 0.586 ms
GET /api/persons 200 219 - 0.471 ms
GET /api/persons 200 219 - 10.436 ms
GET /api/persons 200 219 - 0.811 ms
GET /api/persons 500 2234 - 5.286 ms
GET /api/persons 500 2234 - 2.033 ms
GET /api/persons 500 2234 - 0.547 ms
GET /api/persons 500 2234 - 1.880 ms
GET /api/persons 200 529 - 457.645 ms
GET /api/persons 200 529 - 422.164 ms
GET /api/persons 304 - - 420.275 ms
GET /api/persons 304 - - 460.456 ms
GET /info 500 2234 - 2.894 ms
GET /info 500 2234 - 3.237 ms
GET /info 500 2234 - 0.565 ms
GET /info 200 110 - 5.878 ms
GET /api/persons 200 529 - 449.085 ms
GET /info 200 110 - 0.801 ms
GET /info 200 110 - 3.344 ms
GET /api/persons 200 529 - 442.179 ms
GET /info 200 110 - 0.515 ms
GET /api/persons 200 529 - 426.688 ms
GET /api/persons 304 - - 464.116 ms
POST /api/persons 200 80 - 462.107 ms
GET /api/persons 200 610 - 455.377 ms
POST /api/persons 200 75 - 444.696 ms
GET /api/persons/:7839014164 - - - - ms
GET /api/persons/7839014164 500 2318 - 15.406 ms
GET /api/persons/7839014164 500 2318 - 2.058 ms
GET /api/persons/7839014164 500 2318 - 1.875 ms
GET /api/persons/7839014164 200 2 - 439.075 ms
GET /api/persons/7839014164 500 2336 - 9.310 ms
GET /api/persons/60e10e88a4585255d6319d8e 200 75 - 459.959 ms
GET /api/persons/60e10e88a4585255d6319d8e 200 75 - 425.775 ms
GET /api/persons/60e10e88a4585255d6319d8e 200 75 - 459.475 ms
GET /api/persons 200 686 - 431.375 ms
DELETE /api/persons/60e10e88a4585255d6319d8e 204 - - 438.378 ms
GET /api/persons 200 610 - 428.174 ms
GET /main.28c0d6bb.chunk.css.map 404 166 - 1.491 ms
GET /api/persons 200 610 - 483.313 ms
GET /api/persons 200 610 - 4155.419 ms
POST /api/persons 200 76 - 463.908 ms
DELETE /api/persons/60e146c648ca373fc945dda9 204 - - 453.118 ms
GET /api/persons 200 610 - 1162.728 ms
POST /api/persons 200 69 - 24724.519 ms
GET /api/persons 200 71 - 445.477 ms
POST /api/persons 200 76 - 427.573 ms
POST /api/persons 200 79 - 420.323 ms
POST /api/persons 200 83 - 410.554 ms
POST /api/persons 200 75 - 418.472 ms
POST /api/persons 200 80 - 420.876 ms
GET /api/persons/60e14a5bd2d8ae431cbe6b84 200 69 - 410.111 ms
DELETE /api/persons/60e14bb8f45d6a4712a8e01a 204 - - 416.074 ms
GET /api/persons 200 388 - 412.041 ms
GET /info 200 110 - 6.832 ms
GET /info 200 110 - 584.767 ms
GET /api/persons 200 388 - 420.124 ms
GET /api/persons 200 388 - 415.342 ms
GET /info 200 110 - 413.527 ms
GET /api/persons 200 388 - 457.493 ms
PUT /api/persons/[object%20Object] 500 2202 - 8.556 ms
GET /api/persons 200 388 - 465.090 ms
PUT /api/persons/[object%20Object] 400 27 - 5.149 ms
GET /api/persons 200 388 - 460.465 ms
PUT /api/persons/undefined 400 27 - 5.615 ms
GET /api/persons 200 388 - 585.450 ms
PUT /api/persons/undefined 200 4 - 422.075 ms
GET /api/persons - - - - ms
GET /api/persons 200 388 - 867.045 ms
GET /api/persons 200 388 - 431.760 ms
GET /api/persons 200 388 - 409.366 ms
PUT /api/persons/undefined 400 27 - 6.806 ms
GET /api/persons 200 388 - 483.072 ms
PUT /api/persons/60e14baef45d6a4712a8e018 500 1337 - 1293.962 ms
GET /api/persons 200 388 - 476.209 ms
PUT /api/persons/60e14baef45d6a4712a8e018 500 1337 - 449.469 ms
GET /api/persons 200 388 - 485.642 ms
PUT /api/persons/60e14baef45d6a4712a8e018 200 75 - 13319.580 ms
GET /api/persons 200 388 - 442.539 ms
GET /api/persons 200 388 - 479.067 ms
PUT /api/persons/60e14baef45d6a4712a8e018 200 75 - 452.112 ms
GET /api/persons - - - - ms
GET /api/persons 200 388 - 1527.388 ms
PUT /api/persons/60e14baef45d6a4712a8e018 200 75 - 438.589 ms
GET /api/persons 200 388 - 434.231 ms
