GET /info 200 110 - 8.837 ms -
GET /api/persons 200 219 - 5.416 ms -
GET /api/persons/1 200 50 - 2.953 ms -
POST /api/persons 400 55 - 26.620 ms {"name":"Arto Hellas","phone":"0123456789"}
POST /api/persons 400 50 - 4.762 ms {"name":"Arto Hellas","phone":""}
POST /api/persons 400 49 - 2.514 ms {"name":"","phone":"0123456789"}
POST /api/persons 200 59 - 2.830 ms {"name":"Jane Austin","phone":"0123456789"}
POST /api/persons 400 55 - 3.974 ms {"name":"Jane Austin","phone":"0123456789"}
GET /api/persons/2966064861 200 59 - 1.281 ms -
DELETE /api/persons/1 204 - - 1.462 ms -
GET /api/persons 200 228 - 1.429 ms -
POST /api/persons 200 59 - 5.695 ms {"name":"Arto Hellas","phone":"0123456789"}
GET /api/persons 200 288 - 1.438 ms -
GET /api/persons 200 219 - 10.854 ms -
GET /api/persons 200 219 - 1.212 ms -
GET /favicon.ico 404 150 - 3.231 ms -
GET /api/persons 200 219 - 0.728 ms -
GET /api/persons 200 219 - 0.768 ms -
GET /api/persons 200 219 - 1.117 ms -
GET /api/persons 200 219 - 0.931 ms -
GET /api/persons 200 219 - 0.430 ms -
GET /api/persons 200 219 - 0.586 ms -
GET /api/persons 200 219 - 0.471 ms -
GET /api/persons 200 219 - 10.436 ms -
GET /api/persons 200 219 - 0.811 ms -
GET /api/persons 500 2234 - 5.286 ms -
GET /api/persons 500 2234 - 2.033 ms -
GET /api/persons 500 2234 - 0.547 ms -
GET /api/persons 500 2234 - 1.880 ms -
GET /api/persons 200 529 - 457.645 ms -
GET /api/persons 200 529 - 422.164 ms -
GET /api/persons 304 - - 420.275 ms -
GET /api/persons 304 - - 460.456 ms -
GET /info 500 2234 - 2.894 ms -
GET /info 500 2234 - 3.237 ms -
GET /info 500 2234 - 0.565 ms -
GET /info 200 110 - 5.878 ms -
GET /api/persons 200 529 - 449.085 ms -
GET /info 200 110 - 0.801 ms -
GET /info 200 110 - 3.344 ms -
GET /api/persons 200 529 - 442.179 ms -
GET /info 200 110 - 0.515 ms -
GET /api/persons 200 529 - 426.688 ms -
GET /api/persons 304 - - 464.116 ms -
POST /api/persons 200 80 - 462.107 ms {"name":"Arto Vihavainen","phone":"045-1232456","date":"2021-07-04T00:53:29.259Z","important":false,"id":1}
GET /api/persons 200 610 - 455.377 ms -
POST /api/persons 200 75 - 444.696 ms {"name":"World Hello","phone":"9876543210","date":"2021-07-04T01:27:36.351Z","important":false,"id":1}
GET /api/persons/:7839014164 - - - - ms -
GET /api/persons/7839014164 500 2318 - 15.406 ms -
GET /api/persons/7839014164 500 2318 - 2.058 ms -
GET /api/persons/7839014164 500 2318 - 1.875 ms -
GET /api/persons/7839014164 200 2 - 439.075 ms -
GET /api/persons/7839014164 500 2336 - 9.310 ms -
GET /api/persons/60e10e88a4585255d6319d8e 200 75 - 459.959 ms -
GET /api/persons/60e10e88a4585255d6319d8e 200 75 - 425.775 ms -
GET /api/persons/60e10e88a4585255d6319d8e 200 75 - 459.475 ms -
GET /api/persons 200 686 - 431.375 ms -
DELETE /api/persons/60e10e88a4585255d6319d8e 204 - - 438.378 ms -
GET /api/persons 200 610 - 428.174 ms -
GET /main.28c0d6bb.chunk.css.map 404 166 - 1.491 ms -
GET /api/persons 200 610 - 483.313 ms -
GET /api/persons 200 610 - 4155.419 ms -
POST /api/persons 200 76 - 463.908 ms {"name":"World Hello","phone":"9-876543210","date":"2021-07-04T05:27:34.230Z","important":true,"id":1}
DELETE /api/persons/60e146c648ca373fc945dda9 204 - - 453.118 ms -
GET /api/persons 200 610 - 1162.728 ms -
POST /api/persons 200 69 - 24724.519 ms {"name":"Anna","phone":"040-1234556","date":"2021-07-04T05:42:51.590Z","important":true,"id":1}
GET /api/persons 200 71 - 445.477 ms -
POST /api/persons 200 76 - 427.573 ms {"name":"Jane Austin","phone":"0-123456789","date":"2021-07-04T05:47:19.130Z","important":true,"id":1}
POST /api/persons 200 79 - 420.323 ms {"name":"Ada Lovelace","phone":"39-44-5323523","date":"2021-07-04T05:47:51.192Z","important":false,"id":"60e14b67f45d6a4712a8e0121"}
POST /api/persons 200 83 - 410.554 ms {"name":"Mary Poppendieck","phone":"39-23-6423122","date":"2021-07-04T05:48:06.687Z","important":true,"id":"60e14b87f45d6a4712a8e0141"}
POST /api/persons 200 75 - 418.472 ms {"name":"Arto Hellas","phone":"040-123456","date":"2021-07-04T05:48:30.135Z","important":false,"id":"60e14b96f45d6a4712a8e0161"}
POST /api/persons 200 80 - 420.876 ms {"name":"Arto Vihavainen","phone":"045-1232456","date":"2021-07-04T05:48:40.271Z","important":false,"id":"60e14baef45d6a4712a8e0181"}
GET /api/persons/60e14a5bd2d8ae431cbe6b84 200 69 - 410.111 ms -
DELETE /api/persons/60e14bb8f45d6a4712a8e01a 204 - - 416.074 ms -
GET /api/persons 200 388 - 412.041 ms -
GET /info 200 110 - 6.832 ms -
GET /info 200 110 - 584.767 ms -
GET /api/persons 200 388 - 420.124 ms -
GET /api/persons 200 388 - 415.342 ms -
GET /info 200 110 - 413.527 ms -
GET /api/persons 200 388 - 457.493 ms -
PUT /api/persons/[object%20Object] 500 2202 - 8.556 ms -
GET /api/persons 200 388 - 465.090 ms -
PUT /api/persons/[object%20Object] 400 27 - 5.149 ms -
GET /api/persons 200 388 - 460.465 ms -
PUT /api/persons/undefined 400 27 - 5.615 ms -
GET /api/persons 200 388 - 585.450 ms -
PUT /api/persons/undefined 200 4 - 422.075 ms -
GET /api/persons - - - - ms -
GET /api/persons 200 388 - 867.045 ms -
GET /api/persons 200 388 - 431.760 ms -
GET /api/persons 200 388 - 409.366 ms -
PUT /api/persons/undefined 400 27 - 6.806 ms -
GET /api/persons 200 388 - 483.072 ms -
PUT /api/persons/60e14baef45d6a4712a8e018 500 1337 - 1293.962 ms -
GET /api/persons 200 388 - 476.209 ms -
PUT /api/persons/60e14baef45d6a4712a8e018 500 1337 - 449.469 ms -
GET /api/persons 200 388 - 485.642 ms -
PUT /api/persons/60e14baef45d6a4712a8e018 200 75 - 13319.580 ms -
GET /api/persons 200 388 - 442.539 ms -
GET /api/persons 200 388 - 479.067 ms -
PUT /api/persons/60e14baef45d6a4712a8e018 200 75 - 452.112 ms -
GET /api/persons - - - - ms -
GET /api/persons 200 388 - 1527.388 ms -
PUT /api/persons/60e14baef45d6a4712a8e018 200 75 - 438.589 ms -
GET /api/persons 200 388 - 434.231 ms -
GET /api/persons 200 388 - 483.180 ms -
POST /api/persons 200 75 - 905.295 ms {"name":"Arto Hellas","phone":"040-654321"}
POST /api/persons 400 101 - 1638.223 ms {"name":"Arto Hellas","phone":"040-654321"}
POST /api/persons 200 77 - 1620.192 ms {"name":"Aclear Hellas","phone":"040-654321"}
POST /api/persons 200 80 - 873.258 ms {"name":"Arto Vihavainen","phone":"045-1232456"}
POST /api/persons 400 55 - 1.093 ms {"name":"Arto Hellas","phone":"040-654321"}
PUT /api/persons 404 150 - 1.298 ms -
GET /api/persons 200 466 - 457.692 ms -
PUT /api/persons/60e14baef45d6a4712a8e018 200 75 - 445.875 ms -
POST /api/persons 400 55 - 1.394 ms {"name":"Arto Vihavainen","phone":"045-1232456"}
GET /api/persons 200 388 - 441.339 ms -
POST /api/persons 400 55 - 1.221 ms {"name":"Arto Vihavainen","phone":"045-1232456"}
POST /api/persons 200 76 - 873.305 ms {"name":"Hello World","phone":"045-1232456"}
GET /api/persons 200 465 - 442.203 ms -
DELETE /api/persons/60e172ebf69ad379b9c2de30 204 - - 431.310 ms -
GET /api/persons 200 388 - 441.745 ms -
POST /api/persons 400 55 - 3.661 ms {"name":"Arto Hellas","phone":"040-654321"}
PUT /api/persons/60e14baef45d6a4712a8e018 200 75 - 428.878 ms -
GET /api/persons 200 388 - 1268.879 ms -
PUT /api/persons/60e14baef45d6a4712a8e018 200 75 - 448.709 ms -
GET /api/persons 200 388 - 436.071 ms -
GET /info 200 110 - 268.036 ms -
GET /api/persons 304 - - 237.864 ms -
